# JRE version: OpenJDK Runtime Environment (8.0_112-b06) (build 1.8.0_112-release-b06)
# Java VM: OpenJDK 64-Bit Server VM (25.112-b06 mixed mode windows-amd64 compressed oops)
Heap:
 PSYoungGen      total 72704K, used 30141K [0x00000000e0000000, 0x00000000e5100000, 0x0000000100000000)
  eden space 64000K, 34% used [0x00000000e0000000,0x00000000e15c9178,0x00000000e3e80000)
  from space 8704K, 89% used [0x00000000e3e80000,0x00000000e4626610,0x00000000e4700000)
  to   space 7168K, 0% used [0x00000000e4700000,0x00000000e4700000,0x00000000e4e00000)
 ParOldGen       total 41472K, used 9336K [0x00000000a0000000, 0x00000000a2880000, 0x00000000e0000000)
  object space 41472K, 22% used [0x00000000a0000000,0x00000000a091e148,0x00000000a2880000)
 Metaspace       used 28683K, capacity 29188K, committed 29440K, reserved 1079296K
  class space    used 3928K, capacity 4081K, committed 4096K, reserved 1048576K
GC Heap History (10 events):
Event: 6.680 GC heap before
{Heap before GC invocations=4 (full 0):
 PSYoungGen      total 18944K, used 18920K [0x00000000e0000000, 0x00000000e2500000, 0x0000000100000000)
  eden space 16384K, 100% used [0x00000000e0000000,0x00000000e1000000,0x00000000e1000000)
  from space 2560K, 99% used [0x00000000e1000000,0x00000000e127a020,0x00000000e1280000)
  to   space 2560K, 0% used [0x00000000e2280000,0x00000000e2280000,0x00000000e2500000)
 ParOldGen       total 44032K, used 2604K [0x00000000a0000000, 0x00000000a2b00000, 0x00000000e0000000)
  object space 44032K, 5% used [0x00000000a0000000,0x00000000a028b128,0x00000000a2b00000)
 Metaspace       used 13189K, capacity 13548K, committed 13696K, reserved 1060864K
  class space    used 1739K, capacity 1869K, committed 1920K, reserved 1048576K
Event: 6.704 GC heap after
Heap after GC invocations=4 (full 0):
 PSYoungGen      total 35328K, used 2552K [0x00000000e0000000, 0x00000000e2500000, 0x0000000100000000)
  eden space 32768K, 0% used [0x00000000e0000000,0x00000000e0000000,0x00000000e2000000)
  from space 2560K, 99% used [0x00000000e2280000,0x00000000e24fe030,0x00000000e2500000)
  to   space 2560K, 0% used [0x00000000e2000000,0x00000000e2000000,0x00000000e2280000)
 ParOldGen       total 44032K, used 4933K [0x00000000a0000000, 0x00000000a2b00000, 0x00000000e0000000)
  object space 44032K, 11% used [0x00000000a0000000,0x00000000a04d1658,0x00000000a2b00000)
 Metaspace       used 13189K, capacity 13548K, committed 13696K, reserved 1060864K
  class space    used 1739K, capacity 1869K, committed 1920K, reserved 1048576K
}
Event: 10.318 GC heap before
{Heap before GC invocations=5 (full 0):
 PSYoungGen      total 35328K, used 35320K [0x00000000e0000000, 0x00000000e2500000, 0x0000000100000000)
  eden space 32768K, 100% used [0x00000000e0000000,0x00000000e2000000,0x00000000e2000000)
  from space 2560K, 99% used [0x00000000e2280000,0x00000000e24fe030,0x00000000e2500000)
  to   space 2560K, 0% used [0x00000000e2000000,0x00000000e2000000,0x00000000e2280000)
 ParOldGen       total 44032K, used 4933K [0x00000000a0000000, 0x00000000a2b00000, 0x00000000e0000000)
  object space 44032K, 11% used [0x00000000a0000000,0x00000000a04d1658,0x00000000a2b00000)
 Metaspace       used 16729K, capacity 17028K, committed 17280K, reserved 1064960K
  class space    used 2307K, capacity 2385K, committed 2432K, reserved 1048576K
Event: 10.355 GC heap after
Heap after GC invocations=5 (full 0):
 PSYoungGen      total 35328K, used 2552K [0x00000000e0000000, 0x00000000e4e00000, 0x0000000100000000)
  eden space 32768K, 0% used [0x00000000e0000000,0x00000000e0000000,0x00000000e2000000)
  from space 2560K, 99% used [0x00000000e2000000,0x00000000e227e030,0x00000000e2280000)
  to   space 7168K, 0% used [0x00000000e4700000,0x00000000e4700000,0x00000000e4e00000)
 ParOldGen       total 44032K, used 9251K [0x00000000a0000000, 0x00000000a2b00000, 0x00000000e0000000)
  object space 44032K, 21% used [0x00000000a0000000,0x00000000a0908ce8,0x00000000a2b00000)
 Metaspace       used 16729K, capacity 17028K, committed 17280K, reserved 1064960K
  class space    used 2307K, capacity 2385K, committed 2432K, reserved 1048576K
}
Event: 12.787 GC heap before
{Heap before GC invocations=6 (full 0):
 PSYoungGen      total 35328K, used 23917K [0x00000000e0000000, 0x00000000e4e00000, 0x0000000100000000)
  eden space 32768K, 65% used [0x00000000e0000000,0x00000000e14dd748,0x00000000e2000000)
  from space 2560K, 99% used [0x00000000e2000000,0x00000000e227e030,0x00000000e2280000)
  to   space 7168K, 0% used [0x00000000e4700000,0x00000000e4700000,0x00000000e4e00000)
 ParOldGen       total 44032K, used 9251K [0x00000000a0000000, 0x00000000a2b00000, 0x00000000e0000000)
  object space 44032K, 21% used [0x00000000a0000000,0x00000000a0908ce8,0x00000000a2b00000)
 Metaspace       used 20780K, capacity 21104K, committed 21296K, reserved 1067008K
  class space    used 2758K, capacity 2869K, committed 2944K, reserved 1048576K
Event: 12.842 GC heap after
Heap after GC invocations=6 (full 0):
 PSYoungGen      total 71168K, used 7158K [0x00000000e0000000, 0x00000000e5100000, 0x0000000100000000)
  eden space 64000K, 0% used [0x00000000e0000000,0x00000000e0000000,0x00000000e3e80000)
  from space 7168K, 99% used [0x00000000e4700000,0x00000000e4dfd828,0x00000000e4e00000)
  to   space 8704K, 0% used [0x00000000e3e80000,0x00000000e3e80000,0x00000000e4700000)
 ParOldGen       total 44032K, used 9303K [0x00000000a0000000, 0x00000000a2b00000, 0x00000000e0000000)
  object space 44032K, 21% used [0x00000000a0000000,0x00000000a0915d08,0x00000000a2b00000)
 Metaspace       used 20780K, capacity 21104K, committed 21296K, reserved 1067008K
  class space    used 2758K, capacity 2869K, committed 2944K, reserved 1048576K
}
Event: 12.843 GC heap before
{Heap before GC invocations=7 (full 1):
 PSYoungGen      total 71168K, used 7158K [0x00000000e0000000, 0x00000000e5100000, 0x0000000100000000)
  eden space 64000K, 0% used [0x00000000e0000000,0x00000000e0000000,0x00000000e3e80000)
  from space 7168K, 99% used [0x00000000e4700000,0x00000000e4dfd828,0x00000000e4e00000)
  to   space 8704K, 0% used [0x00000000e3e80000,0x00000000e3e80000,0x00000000e4700000)
 ParOldGen       total 44032K, used 9303K [0x00000000a0000000, 0x00000000a2b00000, 0x00000000e0000000)
  object space 44032K, 21% used [0x00000000a0000000,0x00000000a0915d08,0x00000000a2b00000)
 Metaspace       used 20780K, capacity 21104K, committed 21296K, reserved 1067008K
  class space    used 2758K, capacity 2869K, committed 2944K, reserved 1048576K
Event: 13.175 GC heap after
Heap after GC invocations=7 (full 1):
 PSYoungGen      total 71168K, used 0K [0x00000000e0000000, 0x00000000e5100000, 0x0000000100000000)
  eden space 64000K, 0% used [0x00000000e0000000,0x00000000e0000000,0x00000000e3e80000)
  from space 7168K, 0% used [0x00000000e4700000,0x00000000e4700000,0x00000000e4e00000)
  to   space 8704K, 0% used [0x00000000e3e80000,0x00000000e3e80000,0x00000000e4700000)
 ParOldGen       total 41472K, used 9328K [0x00000000a0000000, 0x00000000a2880000, 0x00000000e0000000)
  object space 41472K, 22% used [0x00000000a0000000,0x00000000a091c148,0x00000000a2880000)
 Metaspace       used 20780K, capacity 21104K, committed 21296K, reserved 1067008K
  class space    used 2758K, capacity 2869K, committed 2944K, reserved 1048576K
}
Event: 17.597 GC heap before
{Heap before GC invocations=8 (full 1):
 PSYoungGen      total 71168K, used 64000K [0x00000000e0000000, 0x00000000e5100000, 0x0000000100000000)
  eden space 64000K, 100% used [0x00000000e0000000,0x00000000e3e80000,0x00000000e3e80000)
  from space 7168K, 0% used [0x00000000e4700000,0x00000000e4700000,0x00000000e4e00000)
  to   space 8704K, 0% used [0x00000000e3e80000,0x00000000e3e80000,0x00000000e4700000)
 ParOldGen       total 41472K, used 9328K [0x00000000a0000000, 0x00000000a2880000, 0x00000000e0000000)
  object space 41472K, 22% used [0x00000000a0000000,0x00000000a091c148,0x00000000a2880000)
 Metaspace       used 26053K, capacity 26500K, committed 26752K, reserved 1073152K
  class space    used 3570K, capacity 3697K, committed 3712K, reserved 1048576K
Event: 17.629 GC heap after
Heap after GC invocations=8 (full 1):
 PSYoungGen      total 72704K, used 7833K [0x00000000e0000000, 0x00000000e5100000, 0x0000000100000000)
  eden space 64000K, 0% used [0x00000000e0000000,0x00000000e0000000,0x00000000e3e80000)
  from space 8704K, 89% used [0x00000000e3e80000,0x00000000e4626610,0x00000000e4700000)
  to   space 7168K, 0% used [0x00000000e4700000,0x00000000e4700000,0x00000000e4e00000)
 ParOldGen       total 41472K, used 9336K [0x00000000a0000000, 0x00000000a2880000, 0x00000000e0000000)
  object space 41472K, 22% used [0x00000000a0000000,0x00000000a091e148,0x00000000a2880000)
 Metaspace       used 26053K, capacity 26500K, committed 26752K, reserved 1073152K
  class space    used 3570K, capacity 3697K, committed 3712K, reserved 1048576K
}

