# JRE version: OpenJDK Runtime Environment (8.0_112-b06) (build 1.8.0_112-release-b06)
# Java VM: OpenJDK 64-Bit Server VM (25.112-b06 mixed mode windows-amd64 compressed oops)
Heap:
 PSYoungGen      total 102400K, used 71971K [0x00000000e0000000, 0x00000000e9100000, 0x0000000100000000)
  eden space 94208K, 67% used [0x00000000e0000000,0x00000000e3e8e3f8,0x00000000e5c00000)
  from space 8192K, 96% used [0x00000000e8900000,0x00000000e90ba840,0x00000000e9100000)
  to   space 10240K, 0% used [0x00000000e7d00000,0x00000000e7d00000,0x00000000e8700000)
 ParOldGen       total 41984K, used 9405K [0x00000000a0000000, 0x00000000a2900000, 0x00000000e0000000)
  object space 41984K, 22% used [0x00000000a0000000,0x00000000a092f750,0x00000000a2900000)
 Metaspace       used 29262K, capacity 29760K, committed 29952K, reserved 1075200K
  class space    used 3958K, capacity 4081K, committed 4096K, reserved 1048576K
GC Heap History (10 events):
Event: 5.387 GC heap before
{Heap before GC invocations=3 (full 0):
 PSYoungGen      total 35328K, used 35324K [0x00000000e0000000, 0x00000000e2500000, 0x0000000100000000)
  eden space 32768K, 100% used [0x00000000e0000000,0x00000000e2000000,0x00000000e2000000)
  from space 2560K, 99% used [0x00000000e2280000,0x00000000e24ff268,0x00000000e2500000)
  to   space 2560K, 0% used [0x00000000e2000000,0x00000000e2000000,0x00000000e2280000)
 ParOldGen       total 44032K, used 1180K [0x00000000a0000000, 0x00000000a2b00000, 0x00000000e0000000)
  object space 44032K, 2% used [0x00000000a0000000,0x00000000a0127178,0x00000000a2b00000)
 Metaspace       used 13085K, capacity 13448K, committed 13696K, reserved 1060864K
  class space    used 1720K, capacity 1837K, committed 1920K, reserved 1048576K
Event: 5.413 GC heap after
Heap after GC invocations=3 (full 0):
 PSYoungGen      total 35328K, used 2552K [0x00000000e0000000, 0x00000000e4500000, 0x0000000100000000)
  eden space 32768K, 0% used [0x00000000e0000000,0x00000000e0000000,0x00000000e2000000)
  from space 2560K, 99% used [0x00000000e2000000,0x00000000e227e030,0x00000000e2280000)
  to   space 2560K, 0% used [0x00000000e4280000,0x00000000e4280000,0x00000000e4500000)
 ParOldGen       total 44032K, used 4809K [0x00000000a0000000, 0x00000000a2b00000, 0x00000000e0000000)
  object space 44032K, 10% used [0x00000000a0000000,0x00000000a04b2470,0x00000000a2b00000)
 Metaspace       used 13085K, capacity 13448K, committed 13696K, reserved 1060864K
  class space    used 1720K, capacity 1837K, committed 1920K, reserved 1048576K
}
Event: 7.295 GC heap before
{Heap before GC invocations=4 (full 0):
 PSYoungGen      total 35328K, used 35320K [0x00000000e0000000, 0x00000000e4500000, 0x0000000100000000)
  eden space 32768K, 100% used [0x00000000e0000000,0x00000000e2000000,0x00000000e2000000)
  from space 2560K, 99% used [0x00000000e2000000,0x00000000e227e030,0x00000000e2280000)
  to   space 2560K, 0% used [0x00000000e4280000,0x00000000e4280000,0x00000000e4500000)
 ParOldGen       total 44032K, used 4809K [0x00000000a0000000, 0x00000000a2b00000, 0x00000000e0000000)
  object space 44032K, 10% used [0x00000000a0000000,0x00000000a04b2470,0x00000000a2b00000)
 Metaspace       used 16585K, capacity 16896K, committed 17024K, reserved 1064960K
  class space    used 2289K, capacity 2385K, committed 2432K, reserved 1048576K
Event: 7.325 GC heap after
Heap after GC invocations=4 (full 0):
 PSYoungGen      total 68096K, used 2536K [0x00000000e0000000, 0x00000000e4500000, 0x0000000100000000)
  eden space 65536K, 0% used [0x00000000e0000000,0x00000000e0000000,0x00000000e4000000)
  from space 2560K, 99% used [0x00000000e4280000,0x00000000e44fa040,0x00000000e4500000)
  to   space 2560K, 0% used [0x00000000e4000000,0x00000000e4000000,0x00000000e4280000)
 ParOldGen       total 44032K, used 9057K [0x00000000a0000000, 0x00000000a2b00000, 0x00000000e0000000)
  object space 44032K, 20% used [0x00000000a0000000,0x00000000a08d8428,0x00000000a2b00000)
 Metaspace       used 16585K, capacity 16896K, committed 17024K, reserved 1064960K
  class space    used 2289K, capacity 2385K, committed 2432K, reserved 1048576K
}
Event: 9.866 GC heap before
{Heap before GC invocations=5 (full 0):
 PSYoungGen      total 68096K, used 25014K [0x00000000e0000000, 0x00000000e4500000, 0x0000000100000000)
  eden space 65536K, 34% used [0x00000000e0000000,0x00000000e15f3bb8,0x00000000e4000000)
  from space 2560K, 99% used [0x00000000e4280000,0x00000000e44fa040,0x00000000e4500000)
  to   space 2560K, 0% used [0x00000000e4000000,0x00000000e4000000,0x00000000e4280000)
 ParOldGen       total 44032K, used 9057K [0x00000000a0000000, 0x00000000a2b00000, 0x00000000e0000000)
  object space 44032K, 20% used [0x00000000a0000000,0x00000000a08d8428,0x00000000a2b00000)
 Metaspace       used 20772K, capacity 21100K, committed 21296K, reserved 1067008K
  class space    used 2767K, capacity 2869K, committed 2944K, reserved 1048576K
Event: 9.896 GC heap after
Heap after GC invocations=5 (full 0):
 PSYoungGen      total 68096K, used 2552K [0x00000000e0000000, 0x00000000e9200000, 0x0000000100000000)
  eden space 65536K, 0% used [0x00000000e0000000,0x00000000e0000000,0x00000000e4000000)
  from space 2560K, 99% used [0x00000000e4000000,0x00000000e427e010,0x00000000e4280000)
  to   space 9216K, 0% used [0x00000000e8900000,0x00000000e8900000,0x00000000e9200000)
 ParOldGen       total 44032K, used 13780K [0x00000000a0000000, 0x00000000a2b00000, 0x00000000e0000000)
  object space 44032K, 31% used [0x00000000a0000000,0x00000000a0d751a8,0x00000000a2b00000)
 Metaspace       used 20772K, capacity 21100K, committed 21296K, reserved 1067008K
  class space    used 2767K, capacity 2869K, committed 2944K, reserved 1048576K
}
Event: 9.896 GC heap before
{Heap before GC invocations=6 (full 1):
 PSYoungGen      total 68096K, used 2552K [0x00000000e0000000, 0x00000000e9200000, 0x0000000100000000)
  eden space 65536K, 0% used [0x00000000e0000000,0x00000000e0000000,0x00000000e4000000)
  from space 2560K, 99% used [0x00000000e4000000,0x00000000e427e010,0x00000000e4280000)
  to   space 9216K, 0% used [0x00000000e8900000,0x00000000e8900000,0x00000000e9200000)
 ParOldGen       total 44032K, used 13780K [0x00000000a0000000, 0x00000000a2b00000, 0x00000000e0000000)
  object space 44032K, 31% used [0x00000000a0000000,0x00000000a0d751a8,0x00000000a2b00000)
 Metaspace       used 20772K, capacity 21100K, committed 21296K, reserved 1067008K
  class space    used 2767K, capacity 2869K, committed 2944K, reserved 1048576K
Event: 10.048 GC heap after
Heap after GC invocations=6 (full 1):
 PSYoungGen      total 68096K, used 0K [0x00000000e0000000, 0x00000000e9200000, 0x0000000100000000)
  eden space 65536K, 0% used [0x00000000e0000000,0x00000000e0000000,0x00000000e4000000)
  from space 2560K, 0% used [0x00000000e4000000,0x00000000e4000000,0x00000000e4280000)
  to   space 9216K, 0% used [0x00000000e8900000,0x00000000e8900000,0x00000000e9200000)
 ParOldGen       total 41984K, used 9397K [0x00000000a0000000, 0x00000000a2900000, 0x00000000e0000000)
  object space 41984K, 22% used [0x00000000a0000000,0x00000000a092d750,0x00000000a2900000)
 Metaspace       used 20772K, capacity 21100K, committed 21296K, reserved 1067008K
  class space    used 2767K, capacity 2869K, committed 2944K, reserved 1048576K
}
Event: 14.449 GC heap before
{Heap before GC invocations=7 (full 1):
 PSYoungGen      total 68096K, used 65536K [0x00000000e0000000, 0x00000000e9200000, 0x0000000100000000)
  eden space 65536K, 100% used [0x00000000e0000000,0x00000000e4000000,0x00000000e4000000)
  from space 2560K, 0% used [0x00000000e4000000,0x00000000e4000000,0x00000000e4280000)
  to   space 9216K, 0% used [0x00000000e8900000,0x00000000e8900000,0x00000000e9200000)
 ParOldGen       total 41984K, used 9397K [0x00000000a0000000, 0x00000000a2900000, 0x00000000e0000000)
  object space 41984K, 22% used [0x00000000a0000000,0x00000000a092d750,0x00000000a2900000)
 Metaspace       used 26100K, capacity 26528K, committed 26880K, reserved 1073152K
  class space    used 3585K, capacity 3729K, committed 3840K, reserved 1048576K
Event: 14.485 GC heap after
Heap after GC invocations=7 (full 1):
 PSYoungGen      total 102400K, used 7914K [0x00000000e0000000, 0x00000000e9100000, 0x0000000100000000)
  eden space 94208K, 0% used [0x00000000e0000000,0x00000000e0000000,0x00000000e5c00000)
  from space 8192K, 96% used [0x00000000e8900000,0x00000000e90ba840,0x00000000e9100000)
  to   space 10240K, 0% used [0x00000000e7d00000,0x00000000e7d00000,0x00000000e8700000)
 ParOldGen       total 41984K, used 9405K [0x00000000a0000000, 0x00000000a2900000, 0x00000000e0000000)
  object space 41984K, 22% used [0x00000000a0000000,0x00000000a092f750,0x00000000a2900000)
 Metaspace       used 26100K, capacity 26528K, committed 26880K, reserved 1073152K
  class space    used 3585K, capacity 3729K, committed 3840K, reserved 1048576K
}

