# JRE version: OpenJDK Runtime Environment (8.0_112-b06) (build 1.8.0_112-release-b06)
# Java VM: OpenJDK 64-Bit Server VM (25.112-b06 mixed mode windows-amd64 compressed oops)
Heap:
 PSYoungGen      total 37888K, used 18863K [0x00000000e0000000, 0x00000000e3880000, 0x0000000100000000)
  eden space 31744K, 44% used [0x00000000e0000000,0x00000000e0de96e8,0x00000000e1f00000)
  from space 6144K, 75% used [0x00000000e1f00000,0x00000000e2382630,0x00000000e2500000)
  to   space 6144K, 0% used [0x00000000e3280000,0x00000000e3280000,0x00000000e3880000)
 ParOldGen       total 33280K, used 9509K [0x00000000a0000000, 0x00000000a2080000, 0x00000000e0000000)
  object space 33280K, 28% used [0x00000000a0000000,0x00000000a0949658,0x00000000a2080000)
 Metaspace       used 24656K, capacity 25050K, committed 25216K, reserved 1071104K
  class space    used 3320K, capacity 3429K, committed 3456K, reserved 1048576K
GC Heap History (10 events):
Event: 8.948 GC heap before
{Heap before GC invocations=6 (full 0):
 PSYoungGen      total 18944K, used 18936K [0x00000000e0000000, 0x00000000e1b00000, 0x0000000100000000)
  eden space 16384K, 100% used [0x00000000e0000000,0x00000000e1000000,0x00000000e1000000)
  from space 2560K, 99% used [0x00000000e1000000,0x00000000e127e030,0x00000000e1280000)
  to   space 5632K, 0% used [0x00000000e1580000,0x00000000e1580000,0x00000000e1b00000)
 ParOldGen       total 44032K, used 7260K [0x00000000a0000000, 0x00000000a2b00000, 0x00000000e0000000)
  object space 44032K, 16% used [0x00000000a0000000,0x00000000a0717040,0x00000000a2b00000)
 Metaspace       used 16733K, capacity 17032K, committed 17280K, reserved 1064960K
  class space    used 2307K, capacity 2385K, committed 2432K, reserved 1048576K
Event: 9.002 GC heap after
Heap after GC invocations=6 (full 0):
 PSYoungGen      total 21504K, used 4700K [0x00000000e0000000, 0x00000000e2c00000, 0x0000000100000000)
  eden space 15872K, 0% used [0x00000000e0000000,0x00000000e0000000,0x00000000e0f80000)
  from space 5632K, 83% used [0x00000000e1580000,0x00000000e1a172e8,0x00000000e1b00000)
  to   space 6144K, 0% used [0x00000000e0f80000,0x00000000e0f80000,0x00000000e1580000)
 ParOldGen       total 44032K, used 7260K [0x00000000a0000000, 0x00000000a2b00000, 0x00000000e0000000)
  object space 44032K, 16% used [0x00000000a0000000,0x00000000a0717040,0x00000000a2b00000)
 Metaspace       used 16733K, capacity 17032K, committed 17280K, reserved 1064960K
  class space    used 2307K, capacity 2385K, committed 2432K, reserved 1048576K
}
Event: 10.884 GC heap before
{Heap before GC invocations=7 (full 0):
 PSYoungGen      total 21504K, used 20572K [0x00000000e0000000, 0x00000000e2c00000, 0x0000000100000000)
  eden space 15872K, 100% used [0x00000000e0000000,0x00000000e0f80000,0x00000000e0f80000)
  from space 5632K, 83% used [0x00000000e1580000,0x00000000e1a172e8,0x00000000e1b00000)
  to   space 6144K, 0% used [0x00000000e0f80000,0x00000000e0f80000,0x00000000e1580000)
 ParOldGen       total 44032K, used 7260K [0x00000000a0000000, 0x00000000a2b00000, 0x00000000e0000000)
  object space 44032K, 16% used [0x00000000a0000000,0x00000000a0717040,0x00000000a2b00000)
 Metaspace       used 20377K, capacity 20686K, committed 20864K, reserved 1067008K
  class space    used 2732K, capacity 2835K, committed 2944K, reserved 1048576K
Event: 10.927 GC heap after
Heap after GC invocations=7 (full 0):
 PSYoungGen      total 22016K, used 5350K [0x00000000e0000000, 0x00000000e2b00000, 0x0000000100000000)
  eden space 15872K, 0% used [0x00000000e0000000,0x00000000e0000000,0x00000000e0f80000)
  from space 6144K, 87% used [0x00000000e0f80000,0x00000000e14b9810,0x00000000e1580000)
  to   space 6144K, 0% used [0x00000000e2500000,0x00000000e2500000,0x00000000e2b00000)
 ParOldGen       total 44032K, used 8245K [0x00000000a0000000, 0x00000000a2b00000, 0x00000000e0000000)
  object space 44032K, 18% used [0x00000000a0000000,0x00000000a080d420,0x00000000a2b00000)
 Metaspace       used 20377K, capacity 20686K, committed 20864K, reserved 1067008K
  class space    used 2732K, capacity 2835K, committed 2944K, reserved 1048576K
}
Event: 11.155 GC heap before
{Heap before GC invocations=8 (full 0):
 PSYoungGen      total 22016K, used 10504K [0x00000000e0000000, 0x00000000e2b00000, 0x0000000100000000)
  eden space 15872K, 32% used [0x00000000e0000000,0x00000000e0508810,0x00000000e0f80000)
  from space 6144K, 87% used [0x00000000e0f80000,0x00000000e14b9810,0x00000000e1580000)
  to   space 6144K, 0% used [0x00000000e2500000,0x00000000e2500000,0x00000000e2b00000)
 ParOldGen       total 44032K, used 8245K [0x00000000a0000000, 0x00000000a2b00000, 0x00000000e0000000)
  object space 44032K, 18% used [0x00000000a0000000,0x00000000a080d420,0x00000000a2b00000)
 Metaspace       used 20776K, capacity 21108K, committed 21296K, reserved 1067008K
  class space    used 2757K, capacity 2869K, committed 2944K, reserved 1048576K
Event: 11.193 GC heap after
Heap after GC invocations=8 (full 0):
 PSYoungGen      total 37888K, used 4075K [0x00000000e0000000, 0x00000000e2b00000, 0x0000000100000000)
  eden space 31744K, 0% used [0x00000000e0000000,0x00000000e0000000,0x00000000e1f00000)
  from space 6144K, 66% used [0x00000000e2500000,0x00000000e28fafc0,0x00000000e2b00000)
  to   space 6144K, 0% used [0x00000000e1f00000,0x00000000e1f00000,0x00000000e2500000)
 ParOldGen       total 44032K, used 9489K [0x00000000a0000000, 0x00000000a2b00000, 0x00000000e0000000)
  object space 44032K, 21% used [0x00000000a0000000,0x00000000a09444c0,0x00000000a2b00000)
 Metaspace       used 20776K, capacity 21108K, committed 21296K, reserved 1067008K
  class space    used 2757K, capacity 2869K, committed 2944K, reserved 1048576K
}
Event: 11.193 GC heap before
{Heap before GC invocations=9 (full 1):
 PSYoungGen      total 37888K, used 4075K [0x00000000e0000000, 0x00000000e2b00000, 0x0000000100000000)
  eden space 31744K, 0% used [0x00000000e0000000,0x00000000e0000000,0x00000000e1f00000)
  from space 6144K, 66% used [0x00000000e2500000,0x00000000e28fafc0,0x00000000e2b00000)
  to   space 6144K, 0% used [0x00000000e1f00000,0x00000000e1f00000,0x00000000e2500000)
 ParOldGen       total 44032K, used 9489K [0x00000000a0000000, 0x00000000a2b00000, 0x00000000e0000000)
  object space 44032K, 21% used [0x00000000a0000000,0x00000000a09444c0,0x00000000a2b00000)
 Metaspace       used 20776K, capacity 21108K, committed 21296K, reserved 1067008K
  class space    used 2757K, capacity 2869K, committed 2944K, reserved 1048576K
Event: 11.388 GC heap after
Heap after GC invocations=9 (full 1):
 PSYoungGen      total 37888K, used 0K [0x00000000e0000000, 0x00000000e2b00000, 0x0000000100000000)
  eden space 31744K, 0% used [0x00000000e0000000,0x00000000e0000000,0x00000000e1f00000)
  from space 6144K, 0% used [0x00000000e2500000,0x00000000e2500000,0x00000000e2b00000)
  to   space 6144K, 0% used [0x00000000e1f00000,0x00000000e1f00000,0x00000000e2500000)
 ParOldGen       total 33280K, used 9501K [0x00000000a0000000, 0x00000000a2080000, 0x00000000e0000000)
  object space 33280K, 28% used [0x00000000a0000000,0x00000000a0947658,0x00000000a2080000)
 Metaspace       used 20776K, capacity 21108K, committed 21296K, reserved 1067008K
  class space    used 2757K, capacity 2869K, committed 2944K, reserved 1048576K
}
Event: 13.898 GC heap before
{Heap before GC invocations=10 (full 1):
 PSYoungGen      total 37888K, used 31744K [0x00000000e0000000, 0x00000000e2b00000, 0x0000000100000000)
  eden space 31744K, 100% used [0x00000000e0000000,0x00000000e1f00000,0x00000000e1f00000)
  from space 6144K, 0% used [0x00000000e2500000,0x00000000e2500000,0x00000000e2b00000)
  to   space 6144K, 0% used [0x00000000e1f00000,0x00000000e1f00000,0x00000000e2500000)
 ParOldGen       total 33280K, used 9501K [0x00000000a0000000, 0x00000000a2080000, 0x00000000e0000000)
  object space 33280K, 28% used [0x00000000a0000000,0x00000000a0947658,0x00000000a2080000)
 Metaspace       used 23844K, capacity 24146K, committed 24320K, reserved 1071104K
  class space    used 3190K, capacity 3298K, committed 3328K, reserved 1048576K
Event: 13.922 GC heap after
Heap after GC invocations=10 (full 1):
 PSYoungGen      total 37888K, used 4617K [0x00000000e0000000, 0x00000000e3880000, 0x0000000100000000)
  eden space 31744K, 0% used [0x00000000e0000000,0x00000000e0000000,0x00000000e1f00000)
  from space 6144K, 75% used [0x00000000e1f00000,0x00000000e2382630,0x00000000e2500000)
  to   space 6144K, 0% used [0x00000000e3280000,0x00000000e3280000,0x00000000e3880000)
 ParOldGen       total 33280K, used 9509K [0x00000000a0000000, 0x00000000a2080000, 0x00000000e0000000)
  object space 33280K, 28% used [0x00000000a0000000,0x00000000a0949658,0x00000000a2080000)
 Metaspace       used 23844K, capacity 24146K, committed 24320K, reserved 1071104K
  class space    used 3190K, capacity 3298K, committed 3328K, reserved 1048576K
}

